<?xml version="1.0" encoding="UTF-8"?>
<!-- Generated by org.testng.reporters.JUnitReportReporter -->
<testsuite hostname="DESKTOP-RS9BML0" failures="0" tests="1" name="Speedshield.MavenEclipseProject.TestCase1" time="7.590" errors="0" timestamp="2021-07-10T19:09:55 AEST" skipped="0">
  <testcase classname="Speedshield.MavenEclipseProject.TestCase1" name="TC1_Update_Operator_Personnal_Number" time="7.590"/>
  <system-out/>
</testsuite> <!-- Speedshield.MavenEclipseProject.TestCase1 -->
